[debug] [2024-07-08T06:02:25.480Z] ----------------------------------------------------------------------
[debug] [2024-07-08T06:02:25.483Z] Command:       C:\Program Files\nodejs\node.exe C:\Users\venka\AppData\Roaming\npm\node_modules\firebase-tools\lib\bin\firebase.js init
[debug] [2024-07-08T06:02:25.483Z] CLI Version:   13.13.0
[debug] [2024-07-08T06:02:25.483Z] Platform:      win32
[debug] [2024-07-08T06:02:25.483Z] Node Version:  v21.1.0
[debug] [2024-07-08T06:02:25.483Z] Time:          Mon Jul 08 2024 11:32:25 GMT+0530 (India Standard Time)
[debug] [2024-07-08T06:02:25.484Z] ----------------------------------------------------------------------
[debug] 
[debug] [2024-07-08T06:02:25.491Z] > command requires scopes: ["email","openid","https://www.googleapis.com/auth/cloudplatformprojects.readonly","https://www.googleapis.com/auth/firebase","https://www.googleapis.com/auth/cloud-platform"]
[debug] [2024-07-08T06:02:25.491Z] > authorizing via signed-in user (venkateshvishwanadula257@gmail.com)
[info] 
     ######## #### ########  ######## ########     ###     ######  ########
     ##        ##  ##     ## ##       ##     ##  ##   ##  ##       ##
     ######    ##  ########  ######   ########  #########  ######  ######
     ##        ##  ##    ##  ##       ##     ## ##     ##       ## ##
     ##       #### ##     ## ######## ########  ##     ##  ######  ########

You're about to initialize a Firebase project in this directory:

  F:\React\disney

[debug] [2024-07-08T06:16:10.751Z] ----------------------------------------------------------------------
[debug] [2024-07-08T06:16:10.753Z] Command:       C:\Program Files\nodejs\node.exe C:\Users\venka\AppData\Roaming\npm\node_modules\firebase-tools\lib\bin\firebase.js init firestore
[debug] [2024-07-08T06:16:10.753Z] CLI Version:   13.13.0
[debug] [2024-07-08T06:16:10.754Z] Platform:      win32
[debug] [2024-07-08T06:16:10.754Z] Node Version:  v21.1.0
[debug] [2024-07-08T06:16:10.754Z] Time:          Mon Jul 08 2024 11:46:10 GMT+0530 (India Standard Time)
[debug] [2024-07-08T06:16:10.754Z] ----------------------------------------------------------------------
[debug] 
[debug] [2024-07-08T06:16:10.761Z] > command requires scopes: ["email","openid","https://www.googleapis.com/auth/cloudplatformprojects.readonly","https://www.googleapis.com/auth/firebase","https://www.googleapis.com/auth/cloud-platform"]
[debug] [2024-07-08T06:16:10.761Z] > authorizing via signed-in user (venkateshvishwanadula257@gmail.com)
[info] 
     ######## #### ########  ######## ########     ###     ######  ########
     ##        ##  ##     ## ##       ##     ##  ##   ##  ##       ##
     ######    ##  ########  ######   ########  #########  ######  ######
     ##        ##  ##    ##  ##       ##     ## ##     ##       ## ##
     ##       #### ##     ## ######## ########  ##     ##  ######  ########

You're about to initialize a Firebase project in this directory:

  F:\React\disney

[info] 
=== Project Setup
[info] 
[info] First, let's associate this project directory with a Firebase project.
[info] You can create multiple project aliases by running firebase use --add, 
[info] but for now we'll just set up a default project.
[info] 
